[2013-02-13 10:54:37] START
[2013-02-13 10:54:37] EDIT Intertube/views/default/index.html: -1
[2013-02-13 10:54:51] EDIT Intertube/views/default/index.html: 0
[2013-02-13 10:56:34] EDIT Intertube/views/default/index.html: 2
[2013-02-13 10:59:47] EDIT Intertube/static/css/application.css: 1
[2013-02-13 11:00:43] EDIT Intertube/views/default/index.html: 0
[2013-02-13 11:06:24] EDIT Intertube/static/css/application.css: 3
[2013-02-13 11:07:21] EDIT Intertube/static/css/application.css: 0
[2013-02-13 11:07:52] EDIT Intertube/static/css/application.css: 3
[2013-02-13 11:15:56] EDIT Intertube/views/default/index.html: 2
[2013-02-13 11:17:09] EDIT Intertube/views/default/index.html: 1
[2013-02-13 11:18:19] EDIT Intertube/views/default/index.html: 0
[2013-02-13 11:19:16] EDIT Intertube/views/default/index.html: -3
[2013-02-13 11:19:40] EDIT Intertube/views/default/index.html: 2
[2013-02-13 11:20:14] EDIT Intertube/views/default/index.html: 0
[2013-02-13 11:25:24] EDIT Intertube/static/css/application.css: 1
[2013-02-13 11:25:52] EDIT Intertube/static/css/application.css: 0
[2013-02-13 11:26:23] EDIT Intertube/static/css/application.css: 0
[2013-02-13 11:50:49] EDIT Intertube/views/default/index.html: 3
[2013-02-13 11:52:33] EDIT Intertube/views/default/index.html: 0
[2013-02-13 11:55:30] EDIT Intertube/views/default/index.html: 0
[2013-02-13 11:57:18] EDIT Intertube/views/default/index.html: 0
[2013-02-13 11:58:43] EDIT Intertube/static/css/application.css: 5
[2013-02-13 12:00:29] EDIT Intertube/views/default/index.html: 0
[2013-02-13 12:06:18] EDIT Intertube/views/default/index.html: 0
[2013-02-13 12:06:41] EDIT Intertube/views/default/index.html: 0
[2013-02-13 12:07:03] EDIT Intertube/views/default/index.html: 0
[2013-02-13 12:18:02] EDIT Intertube/views/default/index.html: 0
[2013-02-13 12:19:03] EDIT Intertube/views/default/index.html: 0
[2013-02-13 12:22:48] EDIT Intertube/static/js/application.js: 13
[2013-02-13 12:25:41] EDIT Intertube/views/default/index.html: 4
[2013-02-13 12:26:29] EDIT Intertube/views/default/index.html: -4
[2013-02-13 12:26:33] EDIT Intertube/views/default/index.html: 0
[2013-02-13 12:28:11] EDIT Intertube/views/default/index.html: 0
[2013-02-13 12:28:36] EDIT Intertube/views/default/index.html: 0
[2013-02-13 12:29:09] EDIT Intertube/views/default/index.html: 0
[2013-02-13 12:29:42] EDIT Intertube/views/default/index.html: 0
[2013-02-13 12:30:57] EDIT Intertube/static/css/application.css: 0
[2013-02-13 12:31:04] EDIT Intertube/views/default/index.html: 0
[2013-02-13 12:31:50] EDIT Intertube/views/default/index.html: 0
[2013-02-13 12:32:06] EDIT Intertube/static/css/application.css: 0
[2013-02-13 14:35:41] EDIT Intertube/views/default/index.html: -1
[2013-02-13 14:35:52] EDIT Intertube/views/layout.html: 3
[2013-02-13 14:38:05] EDIT Intertube/views/layout.html: 0
[2013-02-13 14:39:27] EDIT Intertube/views/layout.html: -2
[2013-02-13 14:40:19] EDIT Intertube/views/layout.html: 2
[2013-02-13 14:40:51] EDIT Intertube/views/layout.html: -2
[2013-02-13 14:42:05] EDIT Intertube/views/layout.html: 2
[2013-02-13 14:43:10] EDIT Intertube/static/css/application.css: 4
[2013-02-13 14:43:18] EDIT Intertube/static/css/application.css: 1
[2013-02-13 14:44:19] EDIT Intertube/views/layout.html: 0
[2013-02-13 14:45:14] EDIT Intertube/static/css/application.css: 1
[2013-02-13 14:45:27] EDIT Intertube/static/css/application.css: 0
[2013-02-13 14:46:01] EDIT Intertube/static/css/application.css: 1
[2013-02-13 14:46:16] EDIT Intertube/static/css/application.css: 0
[2013-02-13 14:47:05] EDIT Intertube/static/css/application.css: -1
[2013-02-13 14:47:57] EDIT Intertube/static/css/application.css: -1
[2013-02-13 14:49:01] EDIT Intertube/views/layout.html: 2
[2013-02-13 14:49:28] EDIT Intertube/static/css/application.css: 1
[2013-02-13 14:49:43] EDIT Intertube/static/css/application.css: 0
[2013-02-13 14:50:23] EDIT Intertube/views/layout.html: 0
[2013-02-13 14:50:39] EDIT Intertube/static/css/application.css: -1
[2013-02-13 14:51:17] EDIT Intertube/static/css/application.css: 1
[2013-02-13 14:51:39] EDIT Intertube/static/css/application.css: 1
[2013-02-13 14:52:08] EDIT Intertube/static/css/application.css: 0
[2013-02-13 14:52:42] EDIT Intertube/static/css/application.css: 1
[2013-02-13 14:52:55] EDIT Intertube/static/css/application.css: 0
[2013-02-13 14:53:28] EDIT Intertube/static/css/application.css: 1
[2013-02-13 14:55:34] EDIT Intertube/views/layout.html: -1
[2013-02-13 14:56:38] EDIT Intertube/views/layout.html: 2
[2013-02-13 14:59:43] EDIT Intertube/views/layout.html: 0
[2013-02-13 14:59:46] EDIT Intertube/static/css/application.css: 0
[2013-02-13 15:00:17] EDIT Intertube/views/default/index.html: 0
[2013-02-13 15:00:39] EDIT Intertube/views/default/index.html: 0
[2013-02-13 15:01:41] EDIT Intertube/views/default/index.html: 0
[2013-02-13 15:03:19] EDIT Intertube/static/css/application.css: 1
[2013-02-13 15:03:48] EDIT Intertube/static/css/application.css: 0
[2013-02-13 15:04:02] EDIT Intertube/static/css/application.css: 0
[2013-02-13 15:04:48] EDIT Intertube/views/default/index.html: 0
[2013-02-13 15:04:50] EDIT Intertube/static/css/application.css: 0
[2013-02-13 15:05:19] EDIT Intertube/static/css/application.css: 0
[2013-02-13 15:05:51] EDIT Intertube/static/css/application.css: 0
[2013-02-13 15:06:13] EDIT Intertube/static/css/application.css: 0
[2013-02-13 15:06:44] EDIT Intertube/views/default/index.html: 0
[2013-02-13 15:07:10] EDIT Intertube/static/css/application.css: 0
[2013-02-13 15:07:25] EDIT Intertube/static/css/application.css: 0
[2013-02-13 15:09:14] EDIT Intertube/views/default/index.html: 2
[2013-02-13 15:09:59] EDIT Intertube/views/default/index.html: 0
[2013-02-13 15:10:19] EDIT Intertube/views/default/index.html: 0
[2013-02-13 15:10:56] EDIT Intertube/views/default/index.html: -2
[2013-02-13 15:11:21] EDIT Intertube/views/default/index.html: 1
[2013-02-13 15:12:12] EDIT Intertube/views/default/index.html: -5
[2013-02-13 15:12:38] EDIT Intertube/static/css/application.css: -1
[2013-02-13 15:12:51] EDIT Intertube/static/css/application.css: 0
[2013-02-13 15:13:58] EDIT Intertube/static/css/application.css: 0
[2013-02-13 15:14:56] EDIT Intertube/static/css/application.css: 1
[2013-02-13 15:15:20] EDIT Intertube/static/css/application.css: 1
[2013-02-13 15:17:39] EDIT Intertube/static/css/application.css: 1
[2013-02-13 15:17:41] EDIT Intertube/views/default/index.html: 6
[2013-02-13 15:18:32] EDIT Intertube/views/default/index.html: 0
[2013-02-13 15:20:42] EDIT Intertube/views/default/index.html: -6
[2013-02-13 15:21:02] EDIT Intertube/views/default/index.html: 6
[2013-02-13 15:22:02] EDIT Intertube/views/default/index.html: 0
[2013-02-13 15:22:19] EDIT Intertube/views/default/index.html: -5
[2013-02-13 15:22:27] EDIT Intertube/views/default/index.html: 5
[2013-02-13 15:22:38] EDIT Intertube/views/default/index.html: 0
[2013-02-13 15:23:07] EDIT Intertube/views/default/index.html: 0
[2013-02-13 15:23:34] EDIT Intertube/static/css/application.css: -1
[2013-02-13 15:23:54] EDIT Intertube/views/default/index.html: 0
[2013-02-13 15:23:56] EDIT Intertube/static/css/application.css: 0
[2013-02-13 15:24:02] EDIT Intertube/views/default/index.html: 0
[2013-02-13 15:24:42] EDIT Intertube/static/css/application.css: 1
[2013-02-13 15:25:45] EDIT Intertube/views/default/index.html: 1
[2013-02-13 15:26:41] EDIT Intertube/views/default/index.html: 0
[2013-02-13 15:26:57] EDIT Intertube/static/css/application.css: 0
[2013-02-13 15:27:41] EDIT Intertube/static/css/application.css: 0
[2013-02-13 15:27:43] EDIT Intertube/views/default/index.html: 0
[2013-02-13 15:28:48] EDIT Intertube/static/css/application.css: 0
[2013-02-13 15:29:05] EDIT Intertube/static/css/application.css: 0
[2013-02-13 15:31:26] EDIT Intertube/views/default/index.html: -1
[2013-02-13 15:31:34] EDIT Intertube/views/default/index.html: 1
[2013-02-13 15:32:55] EDIT Intertube/views/default/index.html: 0
[2013-02-13 15:33:18] EDIT Intertube/static/css/application.css: 0
[2013-02-13 15:33:48] EDIT Intertube/static/css/application.css: 0
[2013-02-13 15:33:57] EDIT Intertube/static/css/application.css: 0
[2013-02-13 15:34:28] EDIT Intertube/static/css/application.css: -1
[2013-02-13 15:34:55] EDIT Intertube/views/default/index.html: 0
[2013-02-13 15:36:01] EDIT Intertube/views/default/index.html: 0
[2013-02-13 15:36:03] EDIT Intertube/static/css/application.css: 0
[2013-02-14 16:07:28] EDIT Intertube/static/css/application.css: 0
[2013-02-14 16:09:37] EDIT Intertube/static/css/bootstrap.min.css: 0
[2013-02-14 16:11:21] EDIT Intertube/views/default/index.html: -1
[2013-02-14 16:12:22] EDIT Intertube/views/default/index.html: 4
[2013-02-14 16:13:11] EDIT Intertube/views/default/index.html: 1
[2013-02-14 16:13:32] EDIT Intertube/views/default/index.html: 0
[2013-02-14 16:25:05] EDIT Intertube/views/default/index.html: 0
[2013-02-14 16:31:06] EDIT Intertube/static/css/application.css: 0
[2013-02-14 16:32:01] EDIT Intertube/static/css/application.css: 0
[2013-02-14 16:33:01] EDIT Intertube/static/css/application.css: 1
[2013-02-14 16:33:23] EDIT Intertube/static/css/application.css: 0
[2013-02-14 16:34:36] EDIT Intertube/views/default/index.html: 1
[2013-02-14 16:36:09] EDIT Intertube/views/default/index.html: -6
[2013-02-14 16:36:57] EDIT Intertube/static/css/application.css: 1
[2013-02-14 16:37:38] EDIT Intertube/static/css/application.css: 1
[2013-02-14 16:38:06] EDIT Intertube/static/css/application.css: -1
[2013-02-15 10:35:45] EDIT Intertube/models/db.py: 3
[2013-02-15 10:43:08] EDIT Intertube/models/db.py: 4
[2013-02-15 10:49:21] EDIT Intertube/models/db.py: 4
[2013-02-15 10:49:48] EDIT Intertube/models/db.py: 1
[2013-02-16 16:16:55] EDIT Intertube/views/layout.html: 0
[2013-02-16 16:22:40] EDIT Intertube/models/db.py: 0
[2013-02-16 16:24:34] EDIT Intertube/models/db.py: 0
[2013-02-16 16:28:54] EDIT Intertube/models/db.py: 1
[2013-02-16 16:29:16] EDIT Intertube/models/db.py: 0
[2013-02-16 16:29:22] EDIT Intertube/models/db.py: 0
[2013-02-21 15:52:36] EDIT Intertube/views/default/index.html: 8
[2013-02-21 15:53:14] EDIT Intertube/views/default/index.html: 0
[2013-02-21 16:05:07] EDIT Intertube/static/js/application.js: -7
[2013-02-21 16:05:42] EDIT Intertube/views/default/index.html: -8
[2013-02-21 16:08:00] EDIT Intertube/static/js/application.js: -1
[2013-02-21 16:08:05] EDIT Intertube/static/js/application.js: 0
[2013-02-21 16:08:08] EDIT Intertube/views/default/index.html: 0
[2013-02-21 16:10:12] EDIT Intertube/static/js/application.js: 1
[2013-02-21 16:11:46] EDIT Intertube/views/default/index.html: 0
[2013-02-21 16:21:46] DELETE Intertube/static/js/application.js.bak: -5
[2013-02-21 16:23:13] EDIT Intertube/views/default/index.html: 1
[2013-02-21 16:24:07] EDIT Intertube/static/js/application.js: 34
[2013-02-21 16:25:00] EDIT Intertube/static/js/application.js: 0
[2013-02-21 16:25:06] EDIT Intertube/views/default/index.html: 0
[2013-02-21 16:33:18] EDIT Intertube/static/js/application.js: 3
[2013-02-21 16:42:56] EDIT Intertube/static/js/application.js: -30
[2013-02-21 16:44:36] EDIT Intertube/views/default/index.html: 1
[2013-02-21 16:44:41] EDIT Intertube/static/js/application.js: 0
[2013-02-21 16:45:18] EDIT Intertube/views/default/index.html: 0
[2013-02-21 16:45:23] EDIT Intertube/static/js/application.js: -1
[2013-02-21 16:48:17] EDIT Intertube/static/js/application.js: 0
[2013-02-21 16:48:48] EDIT Intertube/views/default/index.html: 0
[2013-02-21 16:52:51] EDIT Intertube/views/default/index.html: -1
[2013-02-21 16:53:36] EDIT Intertube/views/default/index.html: 0
[2013-02-21 16:56:33] EDIT Intertube/static/js/application.js: 3
[2013-02-21 16:57:20] EDIT Intertube/static/js/application.js: 1
[2013-02-22 17:54:12] EDIT Intertube/views/layout.html: 1
[2013-02-22 17:54:27] EDIT Intertube/views/layout.html: -1
[2013-02-22 17:56:14] EDIT Intertube/views/layout.html: -43
[2013-02-22 17:56:33] EDIT Intertube/views/default/index.html: 43
[2013-02-22 17:58:29] EDIT Intertube/views/layout.html: 43
[2013-02-22 17:58:32] EDIT Intertube/views/default/index.html: -43
[2013-02-22 17:59:04] EDIT Intertube/views/layout.html: -43
[2013-02-22 17:59:08] EDIT Intertube/views/default/index.html: 43
[2013-02-22 17:59:59] EDIT Intertube/views/layout.html: 0
[2013-02-22 18:00:01] EDIT Intertube/views/default/index.html: 0
[2013-02-22 18:00:12] EDIT Intertube/views/layout.html: 0
[2013-02-23 17:04:24] EDIT Intertube/models/db.py: 0
[2013-02-23 17:04:34] EDIT Intertube/models/db.py: 1
[2013-02-23 17:05:59] EDIT Intertube/models/db.py: 0
[2013-02-23 17:06:54] EDIT Intertube/models/db.py: 0
[2013-02-23 17:08:39] EDIT Intertube/models/db.py: 11
[2013-02-23 17:09:24] EDIT Intertube/models/db.py: 0
[2013-02-23 17:16:15] EDIT Intertube/models/db.py: 0
[2013-02-23 17:28:24] EDIT Intertube/models/db.py: 5
[2013-02-23 17:29:33] EDIT Intertube/models/db.py: 0
[2013-02-23 17:29:42] EDIT Intertube/models/db.py: 0
[2013-02-23 21:20:59] EDIT Intertube/views/default/index.html: 2
[2013-02-23 21:23:58] EDIT Intertube/views/default/index.html: 0
[2013-02-23 21:24:12] EDIT Intertube/static/js/application.js: 1
[2013-02-23 21:24:33] EDIT Intertube/static/js/application.js: -1
[2013-02-23 21:28:29] EDIT Intertube/views/default/index.html: 10
[2013-02-23 21:29:17] EDIT Intertube/views/default/index.html: 1
[2013-02-23 21:37:53] EDIT Intertube/static/js/application.js: -1
[2013-02-23 21:41:20] EDIT Intertube/static/js/application.js: 2
[2013-02-23 21:41:55] EDIT Intertube/static/js/application.js: -1
[2013-02-23 21:44:52] EDIT Intertube/static/js/application.js: 1
[2013-02-23 21:45:12] EDIT Intertube/static/js/application.js: 0
[2013-02-23 21:46:45] EDIT Intertube/static/js/application.js: -1
[2013-02-23 22:04:00] EDIT Intertube/static/js/application.js: 0
[2013-02-23 22:17:29] EDIT Intertube/views/default/index.html: -10
[2013-02-23 22:17:52] EDIT Intertube/views/default/index.html: 0
[2013-02-23 22:24:49] EDIT Intertube/static/js/application.js: 1
[2013-02-23 22:24:52] EDIT Intertube/views/default/index.html: 0
[2013-02-23 22:24:58] EDIT Intertube/static/js/application.js: 0
[2013-02-23 22:25:43] EDIT Intertube/static/js/application.js: -1
[2013-02-23 22:26:21] EDIT Intertube/views/default/index.html: 1
[2013-02-23 22:26:25] EDIT Intertube/static/js/application.js: -1
[2013-02-23 22:32:56] EDIT Intertube/static/js/application.js: 5
[2013-02-23 22:33:45] EDIT Intertube/views/default/index.html: 0
[2013-02-23 22:35:32] EDIT Intertube/views/default/index.html: 0
[2013-02-23 22:35:35] EDIT Intertube/static/js/application.js: 0
[2013-02-23 22:36:29] EDIT Intertube/views/default/index.html: 0
[2013-02-23 22:36:31] EDIT Intertube/static/js/application.js: 0
[2013-02-23 22:40:53] EDIT Intertube/static/js/application.js: 0
[2013-02-23 22:41:22] EDIT Intertube/static/js/application.js: 0
[2013-02-23 22:44:20] EDIT Intertube/views/default/index.html: 1
[2013-02-23 22:48:35] EDIT Intertube/views/default/index.html: 0
[2013-02-23 22:50:04] EDIT Intertube/views/default/index.html: 0
[2013-02-23 22:59:53] EDIT Intertube/controllers/default.py: 6
[2013-02-23 23:00:56] EDIT Intertube/controllers/default.py: 0
[2013-02-23 23:01:10] EDIT Intertube/controllers/default.py: 0
[2013-02-23 23:01:25] EDIT Intertube/controllers/default.py: 0
[2013-02-23 23:01:32] EDIT Intertube/controllers/default.py: -1
[2013-02-23 23:01:59] EDIT Intertube/controllers/default.py: 0
[2013-02-23 23:02:42] EDIT Intertube/controllers/default.py: 0
[2013-02-23 23:03:24] EDIT Intertube/controllers/default.py: -3
[2013-02-23 23:04:03] EDIT Intertube/controllers/default.py: 0
[2013-02-23 23:04:33] EDIT Intertube/controllers/default.py: -2
[2013-02-23 23:05:31] EDIT Intertube/controllers/default.py: 2
[2013-02-23 23:06:12] EDIT Intertube/controllers/default.py: 0
[2013-02-23 23:06:54] EDIT Intertube/controllers/default.py: 0
[2013-02-23 23:07:16] EDIT Intertube/controllers/default.py: -1
[2013-02-23 23:07:37] EDIT Intertube/controllers/default.py: -1
[2013-02-23 23:07:57] EDIT Intertube/static/js/application.js: 0
[2013-02-23 23:17:19] EDIT Intertube/views/default/index.html: 0
[2013-02-23 23:19:40] EDIT Intertube/views/default/index.html: 0
[2013-02-23 23:19:42] EDIT Intertube/controllers/default.py: 0
[2013-02-23 23:24:04] EDIT Intertube/views/default/index.html: 0
[2013-02-23 23:24:56] EDIT Intertube/static/js/application.js: 0
[2013-02-23 23:27:18] EDIT Intertube/views/default/index.html: 0
[2013-02-23 23:35:10] EDIT Intertube/views/default/index.html: 2
[2013-02-23 23:50:54] EDIT Intertube/static/js/application.js: 1
[2013-02-23 23:51:11] EDIT Intertube/views/default/index.html: -1
[2013-02-23 23:53:57] EDIT Intertube/static/js/application.js: 0
[2013-02-23 23:54:04] EDIT Intertube/static/js/application.js: 0
[2013-02-23 23:54:11] EDIT Intertube/static/js/application.js: 0
[2013-02-24 00:06:27] EDIT Intertube/static/js/application.js: 0
[2013-02-24 00:06:33] EDIT Intertube/views/default/index.html: 0
[2013-02-24 00:07:29] EDIT Intertube/static/js/application.js: 0
[2013-02-24 00:08:36] EDIT Intertube/static/js/application.js: 0
[2013-02-24 00:09:39] EDIT Intertube/static/js/application.js: 0
[2013-02-24 00:15:03] EDIT Intertube/static/js/application.js: 0
[2013-02-24 00:17:30] EDIT Intertube/static/js/application.js: 0
[2013-02-24 00:22:02] EDIT Intertube/static/js/application.js: 3
[2013-02-24 00:24:49] EDIT Intertube/views/default/index.html: 5
[2013-02-28 08:47:41] CREATE userData.py: 0
[2013-02-28 08:47:55] EDIT Intertube/modules/userData.py: 28
[2013-02-28 08:48:29] EDIT Intertube/modules/userData.py: 0
[2013-02-28 08:48:36] EDIT Intertube/modules/userData.py: 0
[2013-02-28 08:48:47] EDIT Intertube/modules/userData.py: 0
[2013-02-28 08:49:00] EDIT Intertube/modules/userData.py: 2
[2013-02-28 08:49:04] EDIT Intertube/modules/userData.py: -2
[2013-02-28 08:51:01] EDIT Intertube/modules/userData.py: 0
[2013-02-28 08:51:14] EDIT Intertube/modules/userData.py: 0
[2013-02-28 08:51:24] EDIT Intertube/modules/userData.py: 0
[2013-02-28 08:51:35] EDIT Intertube/modules/userData.py: 0
[2013-02-28 08:52:03] EDIT Intertube/modules/userData.py: 0
[2013-02-28 08:52:19] EDIT Intertube/modules/userData.py: 0
[2013-02-28 08:52:23] EDIT Intertube/modules/userData.py: 0
[2013-02-28 08:52:28] EDIT Intertube/modules/userData.py: 0
[2013-02-28 08:52:32] EDIT Intertube/modules/userData.py: 0
[2013-02-28 08:52:37] EDIT Intertube/modules/userData.py: 0
[2013-02-28 08:52:45] EDIT Intertube/modules/userData.py: 0
[2013-02-28 08:53:08] EDIT Intertube/modules/userData.py: 0
[2013-02-28 08:54:51] EDIT Intertube/modules/userData.py: 0
[2013-02-28 08:54:58] EDIT Intertube/modules/userData.py: 0
[2013-02-28 08:55:02] EDIT Intertube/modules/userData.py: 0
[2013-02-28 08:55:08] EDIT Intertube/modules/userData.py: 0
[2013-02-28 08:56:13] EDIT Intertube/controllers/default.py: 3
[2013-02-28 08:57:10] EDIT Intertube/modules/userData.py: 4
[2013-02-28 08:57:37] EDIT Intertube/modules/userData.py: 8
[2013-02-28 08:57:59] EDIT Intertube/modules/userData.py: 0
[2013-02-28 08:58:12] EDIT Intertube/modules/userData.py: 0
[2013-02-28 08:59:00] EDIT Intertube/controllers/default.py: 0
[2013-02-28 08:59:32] EDIT Intertube/controllers/default.py: -39
[2013-02-28 09:00:58] EDIT Intertube/controllers/default.py: 1
[2013-02-28 09:01:16] EDIT Intertube/controllers/default.py: 0
[2013-02-28 09:02:48] EDIT Intertube/controllers/default.py: 0
[2013-02-28 09:03:13] EDIT Intertube/controllers/default.py: 0
[2013-02-28 09:03:18] EDIT Intertube/controllers/default.py: -1
[2013-02-28 23:11:08] CREATE video.py: 0
[2013-02-28 23:11:27] EDIT Intertube/modules/video.py: 14
[2013-02-28 23:11:34] EDIT Intertube/controllers/default.py: -15
[2013-02-28 23:12:00] EDIT Intertube/controllers/default.py: 1
[2013-02-28 23:13:20] CREATE youtubeConnector.py: 0
[2013-02-28 23:13:42] EDIT Intertube/modules/youtubeConnector.py: 46
[2013-02-28 23:13:57] EDIT Intertube/controllers/default.py: 1
[2013-02-28 23:14:19] EDIT Intertube/controllers/default.py: -47
[2013-02-28 23:14:54] EDIT Intertube/modules/youtubeConnector.py: 1
[2013-02-28 23:15:20] EDIT Intertube/modules/youtubeConnector.py: 1
[2013-02-28 23:15:48] EDIT Intertube/modules/youtubeConnector.py: 1
[2013-02-28 23:16:32] EDIT Intertube/modules/youtubeConnector.py: 6
[2013-02-28 23:17:48] EDIT Intertube/controllers/default.py: 47
[2013-02-28 23:17:54] EDIT Intertube/controllers/default.py: -1
[2013-02-28 23:19:21] EDIT Intertube/modules/youtubeConnector.py: 0
[2013-02-28 23:19:50] EDIT Intertube/modules/youtubeConnector.py: 0
[2013-02-28 23:19:54] EDIT Intertube/modules/youtubeConnector.py: 0
[2013-02-28 23:20:25] EDIT Intertube/controllers/default.py: -47
[2013-02-28 23:20:43] EDIT Intertube/controllers/default.py: 1
[2013-02-28 23:21:03] EDIT Intertube/modules/youtubeConnector.py: -8
[2013-02-28 23:21:45] EDIT Intertube/modules/youtubeConnector.py: 0
[2013-02-28 23:23:58] EDIT Intertube/modules/youtubeConnector.py: 0
[2013-02-28 23:24:14] EDIT Intertube/modules/youtubeConnector.py: 4
[2013-02-28 23:24:39] EDIT Intertube/controllers/default.py: 1
[2013-02-28 23:25:23] EDIT Intertube/modules/youtubeConnector.py: 1
[2013-02-28 23:25:33] EDIT Intertube/modules/youtubeConnector.py: 0
[2013-02-28 23:26:02] EDIT Intertube/modules/youtubeConnector.py: 0
[2013-02-28 23:26:06] EDIT Intertube/modules/youtubeConnector.py: -1
[2013-02-28 23:26:14] EDIT Intertube/controllers/default.py: -1
[2013-02-28 23:26:33] EDIT Intertube/controllers/default.py: 46
[2013-02-28 23:27:11] CREATE videoPlayer.py: 0
[2013-02-28 23:27:36] EDIT Intertube/modules/videoPlayer.py: 27
[2013-02-28 23:27:47] EDIT Intertube/controllers/default.py: -28
[2013-02-28 23:28:01] EDIT Intertube/controllers/default.py: 1
[2013-02-28 23:28:48] CREATE channel.py: 0
[2013-02-28 23:29:16] EDIT Intertube/modules/channel.py: 97
[2013-02-28 23:29:31] EDIT Intertube/controllers/default.py: -98
[2013-02-28 23:29:35] EDIT Intertube/controllers/default.py: 0
[2013-02-28 23:29:58] EDIT Intertube/controllers/default.py: 1
[2013-02-28 23:30:47] EDIT Intertube/modules/channel.py: 2
[2013-02-28 23:31:01] EDIT Intertube/modules/channel.py: 0
[2013-02-28 23:31:14] EDIT Intertube/controllers/default.py: -1
[2013-02-28 23:31:23] EDIT Intertube/controllers/default.py: 98
[2013-02-28 23:31:39] EDIT Intertube/controllers/default.py: 0
[2013-02-28 23:37:05] EDIT Intertube/modules/youtubeConnector.py: 0
[2013-02-28 23:37:31] EDIT Intertube/modules/youtubeConnector.py: -4
[2013-02-28 23:37:37] EDIT Intertube/modules/youtubeConnector.py: 1
[2013-02-28 23:37:47] EDIT Intertube/controllers/default.py: 1
[2013-02-28 23:38:03] EDIT Intertube/controllers/default.py: -47
[2013-02-28 23:39:39] EDIT Intertube/modules/youtubeConnector.py: -1
[2013-02-28 23:39:56] EDIT Intertube/controllers/default.py: 1
[2013-02-28 23:40:21] EDIT Intertube/modules/youtubeConnector.py: 1
[2013-02-28 23:40:28] EDIT Intertube/modules/youtubeConnector.py: 0
[2013-02-28 23:41:04] EDIT Intertube/modules/youtubeConnector.py: 0
[2013-02-28 23:41:39] EDIT Intertube/modules/youtubeConnector.py: 1
[2013-02-28 23:42:23] EDIT Intertube/modules/channel.py: 1
[2013-02-28 23:42:40] EDIT Intertube/controllers/default.py: -98
[2013-02-28 23:42:57] EDIT Intertube/controllers/default.py: 1
[2013-02-28 23:43:33] EDIT Intertube/controllers/default.py: -2
[2013-02-28 23:43:49] EDIT Intertube/controllers/default.py: 0
[2013-02-28 23:44:08] EDIT Intertube/controllers/default.py: 1
[2013-02-28 23:44:17] EDIT Intertube/controllers/default.py: -1
[2013-02-28 23:44:53] EDIT Intertube/controllers/default.py: 0
[2013-02-28 23:45:14] EDIT Intertube/controllers/default.py: 0
[2013-02-28 23:45:39] EDIT Intertube/controllers/default.py: -1
[2013-02-28 23:46:02] EDIT Intertube/controllers/default.py: 1
[2013-02-28 23:46:21] EDIT Intertube/controllers/default.py: -1
[2013-02-28 23:46:38] EDIT Intertube/controllers/default.py: -3
[2013-03-01 14:23:56] EDIT Intertube/controllers/default.py: 0
[2013-03-04 11:08:54] EDIT Intertube/modules/channel.py: 0
[2013-03-04 11:09:00] EDIT Intertube/modules/channel.py: 0
[2013-03-04 12:01:51] EDIT Intertube/modules/channel.py: 1
[2013-03-04 13:08:21] EDIT Intertube/controllers/default.py: 1
[2013-03-04 13:09:30] EDIT Intertube/controllers/default.py: 2
[2013-03-04 13:09:56] EDIT Intertube/controllers/default.py: 0
[2013-03-04 13:10:16] EDIT Intertube/controllers/default.py: 0
[2013-03-04 13:10:55] EDIT Intertube/views/default/index.html: 0
[2013-03-04 13:10:58] EDIT Intertube/views/default/index.html: -1
[2013-03-04 13:11:00] EDIT Intertube/views/default/index.html: 0
[2013-03-04 13:12:21] EDIT Intertube/views/default/index.html: 0
[2013-03-04 13:14:19] EDIT Intertube/modules/userData.py: 0
[2013-03-04 13:14:56] EDIT Intertube/modules/userData.py: 0
[2013-03-04 13:15:17] EDIT Intertube/modules/userData.py: 0
[2013-03-04 13:15:41] EDIT Intertube/modules/userData.py: 0
[2013-03-04 13:20:33] EDIT Intertube/modules/userData.py: 1
[2013-03-04 13:20:52] EDIT Intertube/modules/userData.py: 0
[2013-03-04 13:21:02] EDIT Intertube/modules/userData.py: 0
[2013-03-04 13:22:19] EDIT Intertube/views/default/index.html: -1
[2013-03-04 13:22:41] EDIT Intertube/views/default/index.html: 1
[2013-03-04 13:24:29] EDIT Intertube/modules/userData.py: -1
[2013-03-04 13:24:43] EDIT Intertube/modules/userData.py: 0
[2013-03-04 13:24:56] EDIT Intertube/modules/userData.py: 0
[2013-03-04 13:25:21] EDIT Intertube/modules/userData.py: 0
[2013-03-04 13:26:18] EDIT Intertube/modules/userData.py: 1
[2013-03-04 13:26:58] EDIT Intertube/modules/userData.py: 2
[2013-03-04 13:27:04] EDIT Intertube/modules/userData.py: 0
[2013-03-04 13:27:09] EDIT Intertube/modules/userData.py: 0
[2013-03-04 13:27:12] EDIT Intertube/modules/userData.py: 0
[2013-03-04 13:27:16] EDIT Intertube/modules/userData.py: 0
[2013-03-04 13:27:34] EDIT Intertube/modules/userData.py: -3
[2013-03-04 13:28:12] EDIT Intertube/modules/userData.py: 0
[2013-03-04 13:28:17] EDIT Intertube/modules/userData.py: 0
[2013-03-04 13:32:18] EDIT Intertube/controllers/default.py: 0
[2013-03-04 13:32:40] EDIT Intertube/modules/userData.py: 0
[2013-03-04 13:36:01] EDIT Intertube/views/default/index.html: 0
[2013-03-04 13:38:25] EDIT Intertube/controllers/default.py: 0
[2013-03-04 13:39:52] EDIT Intertube/controllers/default.py: 1
[2013-03-04 13:41:04] EDIT Intertube/controllers/default.py: 1
[2013-03-04 13:41:37] EDIT Intertube/controllers/default.py: -1
[2013-03-04 13:42:49] EDIT Intertube/views/default/user.html: 0
[2013-03-04 13:43:16] EDIT Intertube/views/default/user.html: -3
[2013-03-04 13:43:51] EDIT Intertube/views/default/user.html: 0
[2013-03-04 13:47:40] EDIT Intertube/controllers/default.py: 1
[2013-03-04 13:52:03] EDIT Intertube/views/default/createChannel.html: 8
[2013-03-04 13:53:10] EDIT Intertube/views/default/createChannel.html: -8
[2013-03-04 13:53:53] EDIT Intertube/controllers/default.py: -1
[2013-03-04 13:54:53] EDIT Intertube/modules/channel.py: 0
[2013-03-04 13:55:17] EDIT Intertube/modules/channel.py: 0
[2013-03-04 13:55:42] EDIT Intertube/controllers/default.py: -1
[2013-03-04 14:17:34] EDIT Intertube/controllers/default.py: -1
[2013-03-04 14:17:55] EDIT Intertube/controllers/default.py: -2
[2013-03-04 14:17:59] EDIT Intertube/controllers/default.py: 0
[2013-03-04 14:18:46] EDIT Intertube/views/default/index.html: -1
[2013-03-04 14:20:24] EDIT Intertube/views/default/index.html: 2
[2013-03-04 14:21:39] EDIT Intertube/views/default/index.html: 0
[2013-03-04 14:30:08] EDIT Intertube/views/default/index.html: -2
[2013-03-04 14:30:10] EDIT Intertube/controllers/default.py: 3
[2013-03-04 14:30:34] EDIT Intertube/controllers/default.py: 0
[2013-03-04 14:31:11] EDIT Intertube/controllers/default.py: 0
[2013-03-04 14:32:36] EDIT Intertube/controllers/default.py: 1
[2013-03-04 14:40:44] EDIT Intertube/controllers/default.py: 2
[2013-03-04 14:42:01] EDIT Intertube/controllers/default.py: 1
[2013-03-04 14:42:08] EDIT Intertube/controllers/default.py: 0
[2013-03-04 14:42:48] EDIT Intertube/controllers/default.py: -1
[2013-03-04 14:42:52] EDIT Intertube/controllers/default.py: 0
[2013-03-04 14:43:10] EDIT Intertube/controllers/default.py: 0
[2013-03-04 14:44:14] EDIT Intertube/controllers/default.py: 1
[2013-03-04 14:44:52] EDIT Intertube/controllers/default.py: 0
[2013-03-04 14:47:55] EDIT Intertube/controllers/default.py: 0
[2013-03-04 15:06:06] EDIT Intertube/models/db.py: 1
[2013-03-04 15:06:30] EDIT Intertube/models/db.py: 0
[2013-03-04 15:08:35] EDIT Intertube/models/db.py: 0
[2013-03-04 15:09:43] EDIT Intertube/models/db.py: 0
[2013-03-04 15:17:20] EDIT Intertube/controllers/default.py: 0
[2013-03-04 15:31:14] EDIT Intertube/views/default/index.html: 3
[2013-03-04 15:32:33] EDIT Intertube/controllers/default.py: 0
[2013-03-04 15:33:06] EDIT Intertube/views/default/index.html: 2
[2013-03-04 15:33:08] EDIT Intertube/controllers/default.py: 0
[2013-03-04 15:34:11] EDIT Intertube/views/default/index.html: -5
[2013-03-04 15:34:25] EDIT Intertube/controllers/default.py: 0
[2013-03-04 15:49:20] EDIT Intertube/views/default/index.html: 0
[2013-03-04 15:51:17] EDIT Intertube/views/default/index.html: 0
[2013-03-04 15:53:27] EDIT Intertube/views/default/index.html: 0
[2013-03-04 15:54:02] EDIT Intertube/views/default/index.html: 0
[2013-03-04 15:54:22] EDIT Intertube/views/default/index.html: 0
[2013-03-04 15:54:32] EDIT Intertube/views/default/index.html: 0
[2013-03-04 15:55:27] EDIT Intertube/views/default/index.html: 0
[2013-03-04 15:55:48] EDIT Intertube/views/default/index.html: 0
[2013-03-04 15:56:41] EDIT Intertube/views/default/index.html: 0
[2013-03-04 15:56:52] EDIT Intertube/views/default/index.html: 0
[2013-03-04 15:59:52] EDIT Intertube/views/default/index.html: 0
[2013-03-04 16:01:27] EDIT Intertube/views/default/index.html: 0
[2013-03-04 16:01:58] EDIT Intertube/views/default/index.html: 0
[2013-03-04 16:05:27] EDIT Intertube/controllers/default.py: 2
[2013-03-04 16:05:33] EDIT Intertube/controllers/default.py: 0
[2013-03-04 16:05:55] EDIT Intertube/views/default/index.html: 0
[2013-03-04 16:06:06] EDIT Intertube/views/default/index.html: 0
[2013-03-04 16:06:16] EDIT Intertube/views/default/index.html: 0
[2013-03-04 16:06:28] EDIT Intertube/controllers/default.py: 0
[2013-03-04 16:08:35] EDIT Intertube/views/default/index.html: 0
[2013-03-04 16:09:05] EDIT Intertube/views/default/index.html: 0
[2013-03-04 16:11:49] EDIT Intertube/controllers/default.py: -2
[2013-03-04 17:40:59] EDIT Intertube/views/default/index.html: 0
[2013-03-04 17:41:34] EDIT Intertube/views/default/index.html: 0
[2013-03-04 17:41:52] EDIT Intertube/views/default/index.html: 0
[2013-03-04 17:43:03] EDIT Intertube/controllers/default.py: 2
[2013-03-04 17:43:10] EDIT Intertube/controllers/default.py: 0
[2013-03-04 17:43:32] EDIT Intertube/controllers/default.py: 0
[2013-03-04 17:44:13] EDIT Intertube/controllers/default.py: 1
[2013-03-04 17:44:47] EDIT Intertube/views/default/index.html: 0
[2013-03-04 17:46:26] EDIT Intertube/controllers/default.py: 1
[2013-03-04 17:46:43] EDIT Intertube/controllers/default.py: 0
[2013-03-04 17:47:05] EDIT Intertube/views/default/index.html: 1
[2013-03-04 17:47:32] EDIT Intertube/controllers/default.py: 0
[2013-03-04 17:47:44] EDIT Intertube/controllers/default.py: 0
[2013-03-04 17:48:34] EDIT Intertube/controllers/default.py: 0
[2013-03-04 17:49:03] EDIT Intertube/views/default/index.html: 0
[2013-03-04 17:49:24] EDIT Intertube/controllers/default.py: 0
[2013-03-04 17:51:27] EDIT Intertube/views/default/index.html: 0
[2013-03-04 17:51:38] EDIT Intertube/views/default/index.html: 0
[2013-03-04 17:52:58] EDIT Intertube/controllers/default.py: 0
[2013-03-04 17:53:19] EDIT Intertube/controllers/default.py: 0
[2013-03-04 17:54:35] EDIT Intertube/controllers/default.py: 0
[2013-03-04 17:54:52] EDIT Intertube/controllers/default.py: 0
[2013-03-04 17:55:09] EDIT Intertube/controllers/default.py: 0
[2013-03-04 17:55:41] EDIT Intertube/controllers/default.py: 0
[2013-03-04 17:58:58] EDIT Intertube/controllers/default.py: 0
[2013-03-04 18:00:45] EDIT Intertube/controllers/default.py: 0
[2013-03-04 18:03:43] EDIT Intertube/controllers/default.py: -1
[2013-03-04 18:04:10] EDIT Intertube/views/default/index.html: -1
[2013-03-04 18:06:28] EDIT Intertube/controllers/default.py: 0
[2013-03-04 18:07:51] EDIT Intertube/controllers/default.py: 0
[2013-03-04 18:08:03] EDIT Intertube/controllers/default.py: 0
[2013-03-04 18:11:00] EDIT Intertube/controllers/default.py: 0
[2013-03-04 18:11:50] EDIT Intertube/controllers/default.py: 0
[2013-03-04 18:12:23] EDIT Intertube/controllers/default.py: 0
[2013-03-04 18:12:51] EDIT Intertube/controllers/default.py: 0
[2013-03-04 18:13:25] EDIT Intertube/controllers/default.py: 0
[2013-03-04 18:13:35] EDIT Intertube/controllers/default.py: -1
[2013-03-04 18:20:07] EDIT Intertube/controllers/default.py: 1
[2013-03-04 18:20:44] EDIT Intertube/controllers/default.py: 0
[2013-03-04 18:26:44] EDIT Intertube/models/db.py: 1
[2013-03-04 18:27:02] EDIT Intertube/models/db.py: -1
[2013-03-04 20:46:35] EDIT Intertube/modules/userData.py: 9
[2013-03-04 20:46:46] EDIT Intertube/modules/userData.py: 0
[2013-03-04 20:46:51] EDIT Intertube/modules/userData.py: 0
[2013-03-04 20:46:57] EDIT Intertube/modules/userData.py: 0
[2013-03-04 20:46:59] EDIT Intertube/modules/userData.py: 0
[2013-03-04 20:47:09] EDIT Intertube/modules/userData.py: -7
[2013-03-04 20:47:15] EDIT Intertube/modules/userData.py: 0
[2013-03-04 20:47:23] EDIT Intertube/modules/userData.py: -1
[2013-03-04 20:47:33] EDIT Intertube/modules/userData.py: 1
[2013-03-04 20:47:53] EDIT Intertube/modules/userData.py: 0
[2013-03-04 20:47:59] EDIT Intertube/modules/userData.py: 0
[2013-03-04 20:48:18] EDIT Intertube/modules/userData.py: -2
[2013-03-04 20:48:21] EDIT Intertube/modules/userData.py: 0
[2013-03-04 20:48:25] EDIT Intertube/modules/userData.py: 0
[2013-03-04 20:48:29] EDIT Intertube/modules/userData.py: 0
[2013-03-04 20:48:33] EDIT Intertube/modules/userData.py: 0
[2013-03-04 20:48:54] EDIT Intertube/modules/userData.py: -1
[2013-03-04 20:48:59] EDIT Intertube/modules/userData.py: 0
[2013-03-04 20:49:08] EDIT Intertube/modules/userData.py: 0
[2013-03-04 20:49:13] EDIT Intertube/modules/userData.py: -2
[2013-03-04 20:49:21] EDIT Intertube/modules/userData.py: -8
[2013-03-04 20:49:24] EDIT Intertube/modules/userData.py: 0
[2013-03-04 20:49:54] EDIT Intertube/modules/userData.py: 0
[2013-03-04 20:50:01] EDIT Intertube/modules/userData.py: 1
[2013-03-04 20:50:06] EDIT Intertube/modules/userData.py: 0
[2013-03-04 20:50:11] EDIT Intertube/modules/userData.py: 0
[2013-03-04 20:50:23] EDIT Intertube/modules/userData.py: 1
[2013-03-04 20:50:27] EDIT Intertube/modules/userData.py: 0
[2013-03-04 20:51:07] EDIT Intertube/modules/userData.py: 1
[2013-03-04 20:51:14] EDIT Intertube/modules/userData.py: 0
[2013-03-04 20:51:30] EDIT Intertube/modules/userData.py: 0
[2013-03-04 20:52:21] EDIT Intertube/modules/userData.py: 2
[2013-03-04 20:53:46] EDIT Intertube/modules/userData.py: 1
[2013-03-04 20:53:50] EDIT Intertube/modules/userData.py: 0
[2013-03-04 20:56:06] EDIT Intertube/modules/userData.py: 0
[2013-03-04 20:56:50] EDIT Intertube/modules/userData.py: 1
[2013-03-04 20:56:54] EDIT Intertube/modules/userData.py: 0
[2013-03-04 20:57:13] EDIT Intertube/modules/userData.py: 1
[2013-03-04 20:57:59] EDIT Intertube/modules/userData.py: 0
[2013-03-04 20:58:25] EDIT Intertube/modules/userData.py: 2
[2013-03-04 20:58:44] EDIT Intertube/modules/userData.py: 0
[2013-03-04 20:58:47] EDIT Intertube/modules/userData.py: 0
[2013-03-04 20:59:17] EDIT Intertube/modules/userData.py: 0
[2013-03-04 21:00:02] EDIT Intertube/modules/userData.py: 2
[2013-03-04 21:01:10] EDIT Intertube/modules/userData.py: 0
[2013-03-04 21:04:05] EDIT Intertube/modules/userData.py: 1
[2013-03-04 21:04:43] EDIT Intertube/modules/userData.py: 0
[2013-03-04 21:08:01] EDIT Intertube/modules/userData.py: -1
[2013-03-04 21:09:44] EDIT Intertube/modules/userData.py: 0
[2013-03-04 21:10:19] EDIT Intertube/modules/userData.py: 0
[2013-03-04 21:11:09] EDIT Intertube/modules/userData.py: 2
[2013-03-04 21:12:22] EDIT Intertube/modules/userData.py: 1
[2013-03-04 21:12:26] EDIT Intertube/modules/userData.py: 0
[2013-03-04 21:14:09] EDIT Intertube/modules/userData.py: 0
[2013-03-04 21:15:13] EDIT Intertube/modules/userData.py: 1
[2013-03-04 21:15:49] EDIT Intertube/modules/userData.py: 1
[2013-03-04 21:16:49] EDIT Intertube/modules/userData.py: 1
[2013-03-04 21:16:56] EDIT Intertube/modules/userData.py: 1
[2013-03-04 21:17:23] EDIT Intertube/modules/userData.py: 0
[2013-03-04 21:18:49] EDIT Intertube/modules/userData.py: 0
[2013-03-04 21:19:06] EDIT Intertube/modules/userData.py: 0
[2013-03-04 21:19:18] EDIT Intertube/modules/userData.py: 0
[2013-03-04 21:20:22] EDIT Intertube/controllers/default.py: 1
[2013-03-04 21:21:39] EDIT Intertube/controllers/default.py: 1
[2013-03-04 21:21:46] EDIT Intertube/controllers/default.py: 0
[2013-03-04 21:23:13] EDIT Intertube/views/default/index.html: 1
[2013-03-04 21:24:18] EDIT Intertube/controllers/default.py: 1
[2013-03-04 21:27:09] EDIT Intertube/controllers/default.py: 2
[2013-03-04 21:27:15] EDIT Intertube/controllers/default.py: 0
[2013-03-04 21:27:55] EDIT Intertube/controllers/default.py: 0
[2013-03-04 21:28:20] EDIT Intertube/controllers/default.py: 0
[2013-03-04 21:28:51] EDIT Intertube/controllers/default.py: 1
[2013-03-04 21:29:09] EDIT Intertube/controllers/default.py: 0
[2013-03-04 21:30:15] EDIT Intertube/controllers/default.py: 1
[2013-03-04 21:30:33] EDIT Intertube/controllers/default.py: -7
[2013-03-04 21:30:38] EDIT Intertube/controllers/default.py: 0
[2013-03-04 21:30:47] EDIT Intertube/views/default/index.html: -1
[2013-03-06 12:13:47] EDIT intertube/views/default/index.html: -32
[2013-03-06 12:19:58] EDIT intertube/controllers/default.py: 0
[2013-03-06 12:20:32] EDIT intertube/controllers/default.py: 0
[2013-03-06 12:21:55] EDIT intertube/controllers/default.py: 0
[2013-03-06 12:22:04] EDIT intertube/controllers/default.py: 0
[2013-03-06 20:15:39] EDIT Intertube/views/default/index.html: 15
[2013-03-06 20:20:48] EDIT Intertube/modules/channel.py: 0
[2013-03-06 20:20:55] EDIT Intertube/modules/channel.py: 0
[2013-03-06 20:21:32] EDIT Intertube/modules/channel.py: 0
[2013-03-06 20:22:12] EDIT Intertube/modules/channel.py: 0
[2013-03-06 21:23:21] EDIT Intertube/views/default/index.html: -15
[2013-03-06 21:30:13] EDIT Intertube/modules/userData.py: 6
[2013-03-06 21:30:18] EDIT Intertube/modules/userData.py: 0
[2013-03-06 21:32:06] EDIT Intertube/controllers/default.py: 2
[2013-03-06 21:34:12] EDIT Intertube/controllers/default.py: 3
[2013-03-06 21:39:27] EDIT Intertube/views/default/index.html: 15
[2013-03-06 21:43:38] EDIT Intertube/modules/userData.py: 0
[2013-03-06 21:47:58] EDIT Intertube/modules/channel.py: 4
[2013-03-06 21:48:07] EDIT Intertube/modules/channel.py: 0
[2013-03-06 21:48:16] EDIT Intertube/modules/channel.py: 0
[2013-03-06 21:48:38] EDIT Intertube/modules/channel.py: 1
[2013-03-06 21:50:39] EDIT Intertube/modules/channel.py: -1
[2013-03-06 21:51:02] EDIT Intertube/modules/channel.py: 1
[2013-03-06 21:51:20] EDIT Intertube/modules/channel.py: -1
[2013-03-06 21:52:51] EDIT Intertube/controllers/default.py: 3
[2013-03-06 21:53:36] EDIT Intertube/controllers/default.py: 1
[2013-03-06 21:56:12] EDIT Intertube/modules/userData.py: 0
[2013-03-06 21:57:55] EDIT Intertube/modules/userData.py: 3
[2013-03-06 21:57:58] EDIT Intertube/modules/userData.py: 0
[2013-03-06 21:58:19] EDIT Intertube/modules/userData.py: 1
[2013-03-06 21:58:50] EDIT Intertube/modules/userData.py: 0
[2013-03-06 21:59:38] EDIT Intertube/modules/userData.py: 2
[2013-03-06 22:01:10] EDIT Intertube/modules/channel.py: 1
[2013-03-06 22:02:32] EDIT Intertube/modules/userData.py: -6
[2013-03-06 22:02:45] EDIT Intertube/controllers/default.py: -7
[2013-03-06 22:03:15] EDIT Intertube/modules/channel.py: 0
[2013-03-06 22:04:44] EDIT Intertube/modules/channel.py: -1
[2013-03-06 22:05:06] EDIT Intertube/modules/channel.py: 0
[2013-03-06 22:05:07] EDIT Intertube/modules/channel.py: 0
[2013-03-06 22:05:44] EDIT Intertube/modules/channel.py: 1
[2013-03-06 22:06:40] EDIT Intertube/modules/channel.py: -1
[2013-03-06 22:07:23] EDIT Intertube/modules/channel.py: 2
[2013-03-06 22:09:04] EDIT Intertube/modules/channel.py: -1
[2013-03-06 22:09:23] EDIT Intertube/modules/channel.py: 1
[2013-03-06 22:11:19] EDIT Intertube/modules/channel.py: 1
[2013-03-06 22:11:26] EDIT Intertube/modules/channel.py: 0
[2013-03-06 22:11:37] EDIT Intertube/modules/channel.py: -1
[2013-03-06 22:11:43] EDIT Intertube/modules/channel.py: 0
[2013-03-06 22:11:49] EDIT Intertube/modules/channel.py: -1
[2013-03-06 22:11:57] EDIT Intertube/modules/channel.py: 1
[2013-03-06 22:12:39] EDIT Intertube/modules/channel.py: 0
[2013-03-06 22:13:34] EDIT Intertube/modules/channel.py: 0
[2013-03-06 22:13:39] EDIT Intertube/modules/channel.py: 0
[2013-03-06 22:14:54] EDIT Intertube/modules/channel.py: 0
[2013-03-06 22:14:58] EDIT Intertube/modules/channel.py: 0
[2013-03-06 22:15:35] EDIT Intertube/modules/channel.py: -1
[2013-03-06 22:15:48] EDIT Intertube/modules/channel.py: -1
[2013-03-06 22:18:46] EDIT Intertube/models/db.py: 2
[2013-03-06 22:19:06] EDIT Intertube/modules/channel.py: 0
[2013-03-06 22:19:13] EDIT Intertube/modules/channel.py: 1
[2013-03-06 22:19:43] EDIT Intertube/modules/channel.py: 1
[2013-03-06 22:21:18] EDIT Intertube/modules/channel.py: 0
[2013-03-06 22:21:54] EDIT Intertube/modules/channel.py: -1
[2013-03-06 22:21:59] EDIT Intertube/modules/channel.py: 0
[2013-03-06 22:22:38] EDIT Intertube/modules/channel.py: 1
[2013-03-06 22:26:30] EDIT Intertube/controllers/default.py: 0
[2013-03-06 22:27:31] EDIT Intertube/controllers/default.py: 3
[2013-03-06 22:27:43] EDIT Intertube/controllers/default.py: 2
[2013-03-06 22:27:53] EDIT Intertube/controllers/default.py: -2
[2013-03-06 22:28:15] EDIT Intertube/modules/channel.py: -1
[2013-03-06 22:28:51] EDIT Intertube/modules/channel.py: -1
[2013-03-06 22:28:53] EDIT Intertube/modules/channel.py: 0
[2013-03-06 22:29:17] EDIT Intertube/modules/channel.py: 0
[2013-03-06 22:29:25] EDIT Intertube/modules/channel.py: 0
[2013-03-06 22:29:36] EDIT Intertube/modules/channel.py: 1
[2013-03-06 22:30:32] EDIT Intertube/modules/channel.py: -1
[2013-03-06 22:33:00] EDIT Intertube/modules/channel.py: 1
[2013-03-06 22:34:29] EDIT Intertube/modules/channel.py: -2
[2013-03-06 22:34:49] EDIT Intertube/modules/channel.py: 1
[2013-03-06 22:35:03] EDIT Intertube/modules/channel.py: 0
[2013-03-06 22:35:09] EDIT Intertube/modules/channel.py: 0
[2013-03-06 22:36:48] EDIT Intertube/modules/channel.py: -3
[2013-03-06 22:40:18] EDIT Intertube/modules/userData.py: 0
[2013-03-06 22:42:19] EDIT Intertube/modules/userData.py: 0
[2013-03-06 22:43:51] EDIT Intertube/modules/userData.py: 0
[2013-03-06 22:44:20] EDIT Intertube/modules/channel.py: 0
[2013-03-06 22:44:40] EDIT Intertube/modules/channel.py: 0
[2013-03-06 22:46:33] EDIT Intertube/modules/channel.py: -1
[2013-03-06 22:47:48] EDIT Intertube/modules/channel.py: 1
[2013-03-06 22:47:53] EDIT Intertube/modules/channel.py: 0
[2013-03-06 22:47:57] EDIT Intertube/modules/channel.py: 0
[2013-03-06 22:49:51] EDIT Intertube/modules/channel.py: -2
[2013-03-06 22:49:58] EDIT Intertube/modules/channel.py: 2
[2013-03-06 22:50:09] EDIT Intertube/modules/channel.py: 0
[2013-03-06 22:50:24] EDIT Intertube/modules/channel.py: 0
[2013-03-06 22:50:37] EDIT Intertube/modules/channel.py: -2
[2013-03-06 22:50:52] EDIT Intertube/modules/channel.py: 1
[2013-03-06 22:51:23] EDIT Intertube/modules/channel.py: 2
[2013-03-06 22:51:44] EDIT Intertube/modules/channel.py: 0
[2013-03-06 22:51:49] EDIT Intertube/modules/channel.py: 0
[2013-03-06 22:51:54] EDIT Intertube/modules/channel.py: 0
[2013-03-06 22:52:53] EDIT Intertube/modules/channel.py: -1
[2013-03-06 22:53:03] EDIT Intertube/modules/channel.py: -1
[2013-03-06 22:53:08] EDIT Intertube/modules/channel.py: 0
[2013-03-06 22:53:30] EDIT Intertube/modules/channel.py: 0
[2013-03-06 22:53:49] EDIT Intertube/modules/channel.py: -1
[2013-03-06 22:54:11] EDIT Intertube/modules/channel.py: 1
[2013-03-06 22:54:57] EDIT Intertube/modules/channel.py: 0
[2013-03-06 22:55:18] EDIT Intertube/modules/channel.py: 0
[2013-03-06 22:55:23] EDIT Intertube/modules/channel.py: -1
[2013-03-06 22:56:17] EDIT Intertube/modules/channel.py: 1
[2013-03-06 22:56:26] EDIT Intertube/modules/channel.py: 0
[2013-03-06 22:58:25] EDIT Intertube/modules/channel.py: 1
[2013-03-06 22:59:13] EDIT Intertube/modules/channel.py: 1
[2013-03-06 23:00:09] EDIT Intertube/modules/channel.py: -1
[2013-03-06 23:01:56] EDIT Intertube/modules/userData.py: 1
[2013-03-06 23:02:39] EDIT Intertube/modules/userData.py: -1
[2013-03-06 23:03:58] EDIT Intertube/modules/userData.py: 0
[2013-03-06 23:04:21] EDIT Intertube/modules/userData.py: 1
[2013-03-06 23:04:31] EDIT Intertube/modules/userData.py: -1
[2013-03-06 23:05:18] EDIT Intertube/modules/channel.py: -1
[2013-03-06 23:05:52] EDIT Intertube/modules/channel.py: 1
[2013-03-06 23:33:56] EDIT IntertubeAlmostCopy/views/default/index.html: -15
[2013-03-08 15:09:15] EDIT Intertube/models/db.py: -14
[2013-03-08 15:09:21] EDIT Intertube/models/db.py: 0
[2013-03-08 15:21:40] EDIT Intertube/modules/channel.py: 1
